<?xml version="1.0" encoding="UTF-8"?>
<!-- Generated by org.testng.reporters.JUnitReportReporter -->
<testsuite hostname="LAPTOP-49ALIVKJ" name="SeleniumTesting.Validation1" tests="1" failures="0" timestamp="6 Sep 2021 11:19:23 GMT" time="0.014" errors="0">
  <testcase name="f" time="0.014" classname="SeleniumTesting.Validation1"/>
</testsuite> <!-- SeleniumTesting.Validation1 -->
